0 info it worked if it ends with ok
1 verbose cli [ 'C:\\Program Files\\nodejs\\node.exe',
1 verbose cli   'C:\\Users\\Guille\\AppData\\Roaming\\npm\\node_modules\\npm\\bin\\npm-cli.js',
1 verbose cli   'start' ]
2 info using npm@4.0.0
3 info using node@v8.0.0
4 verbose run-script [ 'prestart', 'start', 'poststart' ]
5 info lifecycle server@0.0.1~prestart: server@0.0.1
6 silly lifecycle server@0.0.1~prestart: no script for prestart, continuing
7 info lifecycle server@0.0.1~start: server@0.0.1
8 verbose lifecycle server@0.0.1~start: unsafe-perm in lifecycle true
9 verbose lifecycle server@0.0.1~start: PATH: C:\Users\Guille\AppData\Roaming\npm\node_modules\npm\bin\node-gyp-bin;C:\Users\Guille\Desktop\projects\angularjs-es6\server\node_modules\.bin;C:\Program Files (x86)\Microsoft SDKs\Azure\CLI2\wbin;C:\Program Files (x86)\Intel\iCLS Client\;C:\Program Files\Intel\iCLS Client\;C:\WINDOWS\system32;C:\WINDOWS;C:\WINDOWS\System32\Wbem;C:\WINDOWS\System32\WindowsPowerShell\v1.0\;C:\Program Files (x86)\Intel\Intel(R) Management Engine Components\DAL;C:\Program Files\Intel\Intel(R) Management Engine Components\DAL;C:\Program Files (x86)\Intel\Intel(R) Management Engine Components\IPT;C:\Program Files\Intel\Intel(R) Management Engine Components\IPT;C:\Program Files\Git\cmd;C:\Program Files (x86)\Yarn\bin;C:\Program Files\nodejs\;C:\Program Files (x86)\Windows Kits\8.1\Windows Performance Toolkit\;C:\Program Files\MySQL\MySQL Utilities 1.6\;C:\Program Files\Microsoft SQL Server\130\Tools\Binn\;C:\Program Files\dotnet\;C:\Program Files\Microsoft SQL Server\Client SDK\ODBC\130\Tools\Binn\;C:\Program Files (x86)\Microsoft SQL Server\130\Tools\Binn\;C:\Program Files\Microsoft SQL Server\130\DTS\Binn\;C:\Program Files\Intel\WiFi\bin\;C:\Program Files\Common Files\Intel\WirelessCommon\;C:\Users\Guille\AppData\Local\Microsoft\WindowsApps;;C:\Program Files (x86)\Microsoft VS Code\bin;C:\Users\Guille\AppData\Local\Yarn\bin;C:\Users\Guille\AppData\Roaming\npm;C:\Program Files\Docker Toolbox
10 verbose lifecycle server@0.0.1~start: CWD: C:\Users\Guille\Desktop\projects\angularjs-es6\server
11 silly lifecycle server@0.0.1~start: Args: [ '/d /s /c', 'node app.js' ]
12 silly lifecycle server@0.0.1~start: Returned: code: 1  signal: null
13 info lifecycle server@0.0.1~start: Failed to exec start script
14 verbose stack Error: server@0.0.1 start: `node app.js`
14 verbose stack Exit status 1
14 verbose stack     at EventEmitter.<anonymous> (C:\Users\Guille\AppData\Roaming\npm\node_modules\npm\lib\utils\lifecycle.js:277:16)
14 verbose stack     at emitTwo (events.js:125:13)
14 verbose stack     at EventEmitter.emit (events.js:213:7)
14 verbose stack     at ChildProcess.<anonymous> (C:\Users\Guille\AppData\Roaming\npm\node_modules\npm\lib\utils\spawn.js:40:14)
14 verbose stack     at emitTwo (events.js:125:13)
14 verbose stack     at ChildProcess.emit (events.js:213:7)
14 verbose stack     at maybeClose (internal/child_process.js:887:16)
14 verbose stack     at Process.ChildProcess._handle.onexit (internal/child_process.js:208:5)
15 verbose pkgid server@0.0.1
16 verbose cwd C:\Users\Guille\Desktop\projects\angularjs-es6\server
17 error Windows_NT 10.0.15063
18 error argv "C:\\Program Files\\nodejs\\node.exe" "C:\\Users\\Guille\\AppData\\Roaming\\npm\\node_modules\\npm\\bin\\npm-cli.js" "start"
19 error node v8.0.0
20 error npm  v4.0.0
21 error code ELIFECYCLE
22 error server@0.0.1 start: `node app.js`
22 error Exit status 1
23 error Failed at the server@0.0.1 start script 'node app.js'.
23 error Make sure you have the latest version of node.js and npm installed.
23 error If you do, this is most likely a problem with the server package,
23 error not with npm itself.
23 error Tell the author that this fails on your system:
23 error     node app.js
23 error You can get information on how to open an issue for this project with:
23 error     npm bugs server
23 error Or if that isn't available, you can get their info via:
23 error     npm owner ls server
23 error There is likely additional logging output above.
24 verbose exit [ 1, true ]
